{
  "stats": {
    "suites": 3,
    "tests": 11,
    "passes": 11,
    "pending": 0,
    "failures": 0,
    "start": "2021-08-29T22:07:09.893Z",
    "end": "2021-08-29T22:07:24.175Z",
    "duration": 14282,
    "testsRegistered": 11,
    "passPercent": 100,
    "pendingPercent": 0,
    "other": 0,
    "hasOther": false,
    "skipped": 0,
    "hasSkipped": false
  },
  "results": [
    {
      "uuid": "7d632658-4e18-45ae-8091-62ac7385f75f",
      "title": "",
      "fullFile": "cypress/integration/login_verification.spec.js",
      "file": "cypress/integration/login_verification.spec.js",
      "beforeHooks": [],
      "afterHooks": [],
      "tests": [],
      "suites": [
        {
          "uuid": "dbb3c530-0374-4616-959b-39b1265bd238",
          "title": "Login",
          "fullFile": "",
          "file": "",
          "beforeHooks": [],
          "afterHooks": [],
          "tests": [],
          "suites": [
            {
              "uuid": "62e8151b-18ed-4861-852b-86286d82d482",
              "title": "Page",
              "fullFile": "",
              "file": "",
              "beforeHooks": [],
              "afterHooks": [],
              "tests": [
                {
                  "title": "has Username input field",
                  "fullTitle": "Login Page has Username input field",
                  "timedOut": null,
                  "duration": 2068,
                  "state": "passed",
                  "speed": "slow",
                  "pass": true,
                  "fail": false,
                  "pending": false,
                  "context": null,
                  "code": "_pages.LoginPage.UserName().should('have.value', '').and('have.attr', 'placeholder', 'Username').and('be.visible');",
                  "err": {},
                  "uuid": "af9e5965-bd4a-41e7-ba80-39ca36a5ab71",
                  "parentUUID": "62e8151b-18ed-4861-852b-86286d82d482",
                  "isHook": false,
                  "skipped": false
                },
                {
                  "title": "has Password input field",
                  "fullTitle": "Login Page has Password input field",
                  "timedOut": null,
                  "duration": 167,
                  "state": "passed",
                  "speed": "slow",
                  "pass": true,
                  "fail": false,
                  "pending": false,
                  "context": null,
                  "code": "_pages.LoginPage.Password().should('have.value', '').and('have.attr', 'placeholder', 'Password').and('be.visible');",
                  "err": {},
                  "uuid": "6bf5a9f0-2270-4b14-b9f9-8a2d09faf9ca",
                  "parentUUID": "62e8151b-18ed-4861-852b-86286d82d482",
                  "isHook": false,
                  "skipped": false
                },
                {
                  "title": "has LOGIN button",
                  "fullTitle": "Login Page has LOGIN button",
                  "timedOut": null,
                  "duration": 121,
                  "state": "passed",
                  "speed": "slow",
                  "pass": true,
                  "fail": false,
                  "pending": false,
                  "context": null,
                  "code": "_pages.LoginPage.LoginButton().should('have.value', 'Login').and('be.visible');",
                  "err": {},
                  "uuid": "d6dee52f-a4fd-4066-9846-47c4cc31825d",
                  "parentUUID": "62e8151b-18ed-4861-852b-86286d82d482",
                  "isHook": false,
                  "skipped": false
                }
              ],
              "suites": [],
              "passes": [
                "af9e5965-bd4a-41e7-ba80-39ca36a5ab71",
                "6bf5a9f0-2270-4b14-b9f9-8a2d09faf9ca",
                "d6dee52f-a4fd-4066-9846-47c4cc31825d"
              ],
              "failures": [],
              "pending": [],
              "skipped": [],
              "duration": 2356,
              "root": false,
              "rootEmpty": false,
              "_timeout": 2000
            },
            {
              "uuid": "214f4796-053c-41a3-b35a-94c79ccb4dd3",
              "title": "User",
              "fullFile": "",
              "file": "",
              "beforeHooks": [],
              "afterHooks": [],
              "tests": [
                {
                  "title": "can login with standard user",
                  "fullTitle": "Login User can login with standard user",
                  "timedOut": null,
                  "duration": 895,
                  "state": "passed",
                  "speed": "slow",
                  "pass": true,
                  "fail": false,
                  "pending": false,
                  "context": null,
                  "code": "cy.login('standard_user', 'secret_sauce');\n_pages.CommonPage.MainBurgerButton().invoke('text').should('match', /Menu/i);",
                  "err": {},
                  "uuid": "8f812a17-0671-477d-97ef-dcae3e9571f9",
                  "parentUUID": "214f4796-053c-41a3-b35a-94c79ccb4dd3",
                  "isHook": false,
                  "skipped": false
                },
                {
                  "title": "can not login with blank username",
                  "fullTitle": "Login User can not login with blank username",
                  "timedOut": null,
                  "duration": 656,
                  "state": "passed",
                  "speed": "slow",
                  "pass": true,
                  "fail": false,
                  "pending": false,
                  "context": null,
                  "code": "cy.login('', 'secret_sauce');\n_pages.LoginPage.ErrorMessage().should('have.text', 'Epic sadface: Username is required');",
                  "err": {},
                  "uuid": "fb853074-20d0-44e4-ab95-4595aa4301bb",
                  "parentUUID": "214f4796-053c-41a3-b35a-94c79ccb4dd3",
                  "isHook": false,
                  "skipped": false
                },
                {
                  "title": "can not login with blank password",
                  "fullTitle": "Login User can not login with blank password",
                  "timedOut": null,
                  "duration": 576,
                  "state": "passed",
                  "speed": "slow",
                  "pass": true,
                  "fail": false,
                  "pending": false,
                  "context": null,
                  "code": "cy.login('standard_user', '');\n_pages.LoginPage.ErrorMessage().should('have.text', 'Epic sadface: Password is required');",
                  "err": {},
                  "uuid": "700db4ab-a104-4499-beab-610d3becf60b",
                  "parentUUID": "214f4796-053c-41a3-b35a-94c79ccb4dd3",
                  "isHook": false,
                  "skipped": false
                },
                {
                  "title": "can not login with wrong username",
                  "fullTitle": "Login User can not login with wrong username",
                  "timedOut": null,
                  "duration": 890,
                  "state": "passed",
                  "speed": "slow",
                  "pass": true,
                  "fail": false,
                  "pending": false,
                  "context": null,
                  "code": "cy.login('normal_user', 'secret_sauce');\n_pages.LoginPage.ErrorMessage().should('have.text', 'Epic sadface: Username and password do not match any user in this service');",
                  "err": {},
                  "uuid": "9a613ffb-8221-4aea-a11b-fdaa96fff905",
                  "parentUUID": "214f4796-053c-41a3-b35a-94c79ccb4dd3",
                  "isHook": false,
                  "skipped": false
                },
                {
                  "title": "can not login with wrong password",
                  "fullTitle": "Login User can not login with wrong password",
                  "timedOut": null,
                  "duration": 889,
                  "state": "passed",
                  "speed": "slow",
                  "pass": true,
                  "fail": false,
                  "pending": false,
                  "context": null,
                  "code": "cy.login('standard_user', 'secret_labs');\n_pages.LoginPage.ErrorMessage().should('have.text', 'Epic sadface: Username and password do not match any user in this service');",
                  "err": {},
                  "uuid": "b5eea311-5cf9-440a-b783-1f9e7b072ffa",
                  "parentUUID": "214f4796-053c-41a3-b35a-94c79ccb4dd3",
                  "isHook": false,
                  "skipped": false
                },
                {
                  "title": "can not login due to locked user",
                  "fullTitle": "Login User can not login due to locked user",
                  "timedOut": null,
                  "duration": 881,
                  "state": "passed",
                  "speed": "slow",
                  "pass": true,
                  "fail": false,
                  "pending": false,
                  "context": null,
                  "code": "cy.login('locked_out_user', 'secret_sauce');\n_pages.LoginPage.ErrorMessage().should('have.text', 'Epic sadface: Sorry, this user has been locked out.');",
                  "err": {},
                  "uuid": "96a57a3c-5eee-47ad-bc8f-35831e664173",
                  "parentUUID": "214f4796-053c-41a3-b35a-94c79ccb4dd3",
                  "isHook": false,
                  "skipped": false
                },
                {
                  "title": "can login with problem user",
                  "fullTitle": "Login User can login with problem user",
                  "timedOut": null,
                  "duration": 844,
                  "state": "passed",
                  "speed": "slow",
                  "pass": true,
                  "fail": false,
                  "pending": false,
                  "context": null,
                  "code": "cy.login('problem_user', 'secret_sauce');\n_pages.CommonPage.MainBurgerButton().invoke('text').should('match', /Menu/i);",
                  "err": {},
                  "uuid": "eb784de0-03bf-4212-afac-d892f03bf9a1",
                  "parentUUID": "214f4796-053c-41a3-b35a-94c79ccb4dd3",
                  "isHook": false,
                  "skipped": false
                },
                {
                  "title": "can login with performance glitch user",
                  "fullTitle": "Login User can login with performance glitch user",
                  "timedOut": null,
                  "duration": 6109,
                  "state": "passed",
                  "speed": "slow",
                  "pass": true,
                  "fail": false,
                  "pending": false,
                  "context": null,
                  "code": "cy.login('performance_glitch_user', 'secret_sauce');\n_pages.CommonPage.MainBurgerButton().invoke('text').should('match', /Menu/i);",
                  "err": {},
                  "uuid": "74b30b45-0909-4ca7-9414-122396b87882",
                  "parentUUID": "214f4796-053c-41a3-b35a-94c79ccb4dd3",
                  "isHook": false,
                  "skipped": false
                }
              ],
              "suites": [],
              "passes": [
                "8f812a17-0671-477d-97ef-dcae3e9571f9",
                "fb853074-20d0-44e4-ab95-4595aa4301bb",
                "700db4ab-a104-4499-beab-610d3becf60b",
                "9a613ffb-8221-4aea-a11b-fdaa96fff905",
                "b5eea311-5cf9-440a-b783-1f9e7b072ffa",
                "96a57a3c-5eee-47ad-bc8f-35831e664173",
                "eb784de0-03bf-4212-afac-d892f03bf9a1",
                "74b30b45-0909-4ca7-9414-122396b87882"
              ],
              "failures": [],
              "pending": [],
              "skipped": [],
              "duration": 11740,
              "root": false,
              "rootEmpty": false,
              "_timeout": 2000
            }
          ],
          "passes": [],
          "failures": [],
          "pending": [],
          "skipped": [],
          "duration": 0,
          "root": false,
          "rootEmpty": false,
          "_timeout": 2000
        }
      ],
      "passes": [],
      "failures": [],
      "pending": [],
      "skipped": [],
      "duration": 0,
      "root": true,
      "rootEmpty": true,
      "_timeout": 2000
    }
  ],
  "meta": {
    "mocha": {
      "version": "7.0.1"
    },
    "mochawesome": {
      "options": {
        "quiet": false,
        "reportFilename": "mochawesome",
        "saveHtml": true,
        "saveJson": true,
        "consoleReporter": "spec",
        "useInlineDiffs": false,
        "code": true
      },
      "version": "6.2.2"
    },
    "marge": {
      "options": {
        "reportDir": "cypress/report/mochawesome",
        "overwrite": false,
        "html": true,
        "json": true,
        "timestamp": "mmddyyyy_HHMMss"
      },
      "version": "5.2.0"
    }
  }
}